Determining if the pthread_create exist failed with the following output:
Change Dir: /home/synerzip/Documents/STUDY-PROGRAMS/qt_visualizer/build/CMakeFiles/CMakeTmp

Run Build Command:"/usr/bin/make" "cmTC_59cef/fast"
/usr/bin/make -f CMakeFiles/cmTC_59cef.dir/build.make CMakeFiles/cmTC_59cef.dir/build
make[1]: Entering directory '/home/synerzip/Documents/STUDY-PROGRAMS/qt_visualizer/build/CMakeFiles/CMakeTmp'
Building C object CMakeFiles/cmTC_59cef.dir/CheckSymbolExists.c.o
/usr/bin/cc     -o CMakeFiles/cmTC_59cef.dir/CheckSymbolExists.c.o   -c /home/synerzip/Documents/STUDY-PROGRAMS/qt_visualizer/build/CMakeFiles/CMakeTmp/CheckSymbolExists.c
Linking C executable cmTC_59cef
/usr/bin/cmake -E cmake_link_script CMakeFiles/cmTC_59cef.dir/link.txt --verbose=1
/usr/bin/cc       CMakeFiles/cmTC_59cef.dir/CheckSymbolExists.c.o  -o cmTC_59cef -rdynamic 
CMakeFiles/cmTC_59cef.dir/CheckSymbolExists.c.o: In function `main':
CheckSymbolExists.c:(.text+0x16): undefined reference to `pthread_create'
collect2: error: ld returned 1 exit status
CMakeFiles/cmTC_59cef.dir/build.make:97: recipe for target 'cmTC_59cef' failed
make[1]: *** [cmTC_59cef] Error 1
make[1]: Leaving directory '/home/synerzip/Documents/STUDY-PROGRAMS/qt_visualizer/build/CMakeFiles/CMakeTmp'
Makefile:126: recipe for target 'cmTC_59cef/fast' failed
make: *** [cmTC_59cef/fast] Error 2

File /home/synerzip/Documents/STUDY-PROGRAMS/qt_visualizer/build/CMakeFiles/CMakeTmp/CheckSymbolExists.c:
/* */
#include <pthread.h>

int main(int argc, char** argv)
{
  (void)argv;
#ifndef pthread_create
  return ((int*)(&pthread_create))[argc];
#else
  (void)argc;
  return 0;
#endif
}

Determining if the function pthread_create exists in the pthreads failed with the following output:
Change Dir: /home/synerzip/Documents/STUDY-PROGRAMS/qt_visualizer/build/CMakeFiles/CMakeTmp

Run Build Command:"/usr/bin/make" "cmTC_0a80c/fast"
/usr/bin/make -f CMakeFiles/cmTC_0a80c.dir/build.make CMakeFiles/cmTC_0a80c.dir/build
make[1]: Entering directory '/home/synerzip/Documents/STUDY-PROGRAMS/qt_visualizer/build/CMakeFiles/CMakeTmp'
Building C object CMakeFiles/cmTC_0a80c.dir/CheckFunctionExists.c.o
/usr/bin/cc    -DCHECK_FUNCTION_EXISTS=pthread_create   -o CMakeFiles/cmTC_0a80c.dir/CheckFunctionExists.c.o   -c /usr/share/cmake-3.5/Modules/CheckFunctionExists.c
Linking C executable cmTC_0a80c
/usr/bin/cmake -E cmake_link_script CMakeFiles/cmTC_0a80c.dir/link.txt --verbose=1
/usr/bin/cc   -DCHECK_FUNCTION_EXISTS=pthread_create    CMakeFiles/cmTC_0a80c.dir/CheckFunctionExists.c.o  -o cmTC_0a80c -rdynamic -lpthreads 
/usr/bin/ld: cannot find -lpthreads
collect2: error: ld returned 1 exit status
CMakeFiles/cmTC_0a80c.dir/build.make:97: recipe for target 'cmTC_0a80c' failed
make[1]: *** [cmTC_0a80c] Error 1
make[1]: Leaving directory '/home/synerzip/Documents/STUDY-PROGRAMS/qt_visualizer/build/CMakeFiles/CMakeTmp'
Makefile:126: recipe for target 'cmTC_0a80c/fast' failed
make: *** [cmTC_0a80c/fast] Error 2


